<?xml version="1.0" encoding="UTF-8"?>
<testsuite name="lucky.chhotu.AppTest" tests="1" skipped="0" failures="0" errors="0" timestamp="2025-06-05T02:47:16.731Z" hostname="LAPTOP-R618R92G" time="0.005">
  <properties/>
  <testcase name="testApp" classname="lucky.chhotu.AppTest" time="0.005"/>
  <system-out><![CDATA[]]></system-out>
  <system-err><![CDATA[]]></system-err>
</testsuite>
